[ 2026-05-02 16:45:21,464 ] root - INFO - Entered the start_data_ingestion method of TrainPipeline class
[ 2026-05-02 16:45:21,464 ] root - INFO - Getting the data from mongodb
[ 2026-05-02 16:45:21,464 ] root - INFO - Entered initiate_data_ingestion method of Data_Ingestion class
[ 2026-05-02 16:45:21,464 ] root - INFO - Exporting data from mongodb
[ 2026-05-02 16:45:22,569 ] root - INFO - MongoDB connection succesfull
[ 2026-05-02 16:45:32,141 ] root - INFO - Shape of dataframe: (25480, 12)
[ 2026-05-02 16:45:32,141 ] root - INFO - Saving exported data into feature store file path: artifact\05_02_2026_16_45_20\data_ingestion\feature_store\usvisa.csv
[ 2026-05-02 16:45:32,342 ] root - INFO - Got the data from mongodb
[ 2026-05-02 16:45:32,342 ] root - INFO - Entered split_data_as_train_test method of Data_Ingestion class
[ 2026-05-02 16:45:32,355 ] root - INFO - Performed train test split on the dataframe
[ 2026-05-02 16:45:32,355 ] root - INFO - Exited split_data_as_train_test method of Data_Ingestion class
[ 2026-05-02 16:45:32,355 ] root - INFO - Exporting train and test file path.
[ 2026-05-02 16:45:32,525 ] root - INFO - Exported train and test file path.
[ 2026-05-02 16:45:32,531 ] root - INFO - Performed train test split on the dataset
[ 2026-05-02 16:45:32,532 ] root - INFO - Exited initiate_data_ingestion method of Data_Ingestion class
[ 2026-05-02 16:45:32,532 ] root - INFO - Data ingestion artifact: DataIngestionArtifact(trained_file_path='artifact\\05_02_2026_16_45_20\\data_ingestion\\ingested\\train.csv', test_file_path='artifact\\05_02_2026_16_45_20\\data_ingestion\\ingested\\test.csv')
[ 2026-05-02 16:45:32,542 ] root - INFO - Got the train_set and test_set from mongodb
[ 2026-05-02 16:45:32,542 ] root - INFO - Exited the start_data_ingestion method of TrainPipeline class
[ 2026-05-02 16:45:32,542 ] root - INFO - Entered the start_data_validation method of TrainPipeline class
[ 2026-05-02 16:45:32,577 ] root - INFO - Starting data validation
[ 2026-05-02 16:45:32,649 ] root - INFO - Is required column present: [True]
[ 2026-05-02 16:45:32,649 ] root - INFO - All required columns present in training dataframe: True
[ 2026-05-02 16:45:32,649 ] root - INFO - Is required column present: [True]
[ 2026-05-02 16:45:32,649 ] root - INFO - All required columns present in testing dataframe: True
[ 2026-05-02 16:46:59,009 ] root - INFO - 1/12 drift detected.
[ 2026-05-02 16:46:59,012 ] root - INFO - Data validation artifact: DataValidationArtifact(validation_status=True, message='Drift not detected', drift_report_file_path='artifact\\05_02_2026_16_45_20\\data_validation\\drift_report\\report.yaml')
[ 2026-05-02 16:46:59,015 ] root - INFO - Performed the data validation operation
[ 2026-05-02 16:46:59,015 ] root - INFO - Exited the start_data_validation method of TrainPipeline class
[ 2026-05-02 16:46:59,026 ] root - INFO - Starting data transformation
[ 2026-05-02 16:46:59,026 ] root - INFO - Entered get_data_transformer_object method of DataTransformation class
[ 2026-05-02 16:46:59,026 ] root - INFO - Got numerical cols from schema config
[ 2026-05-02 16:46:59,026 ] root - INFO - Initialized StandardScaler, OneHotEncoder, OrdinalEncoder
[ 2026-05-02 16:46:59,027 ] root - INFO - Initialize PowerTransformer
[ 2026-05-02 16:46:59,027 ] root - INFO - Created preprocessor object from ColumnTransformer
[ 2026-05-02 16:46:59,027 ] root - INFO - Exited get_data_transformer_object method of DataTransformation class
[ 2026-05-02 16:46:59,027 ] root - INFO - Got the preprocessor object
[ 2026-05-02 16:46:59,083 ] root - INFO - Got train features and test features of Training dataset
[ 2026-05-02 16:46:59,089 ] root - INFO - Added company_age column to the Training dataset
[ 2026-05-02 16:46:59,089 ] root - INFO - drop the columns in drop_cols of Training dataset
[ 2026-05-02 16:46:59,089 ] root - INFO - Entered drop_columns methon of utils
[ 2026-05-02 16:46:59,091 ] root - INFO - Exited the drop_columns method of utils
[ 2026-05-02 16:46:59,102 ] root - INFO - Added company_age column to the Test dataset
[ 2026-05-02 16:46:59,102 ] root - INFO - Entered drop_columns methon of utils
[ 2026-05-02 16:46:59,105 ] root - INFO - Exited the drop_columns method of utils
[ 2026-05-02 16:46:59,105 ] root - INFO - drop the columns in drop_cols of Test dataset
[ 2026-05-02 16:46:59,105 ] root - INFO - Got train features and test features of Testing dataset
[ 2026-05-02 16:46:59,105 ] root - INFO - Applying preprocessing object on training dataframe and testing dataframe
[ 2026-05-02 16:46:59,204 ] root - INFO - Used the preprocessor object to fit transform the train features
[ 2026-05-02 16:46:59,224 ] root - INFO - Used the preprocessor object to transform the test features
[ 2026-05-02 16:46:59,224 ] root - INFO - Applying SMOTEENN on Training dataset
[ 2026-05-02 16:47:01,971 ] root - INFO - Applied SMOTEENN on training dataset
[ 2026-05-02 16:47:01,971 ] root - INFO - Applying SMOTEENN on testing dataset
[ 2026-05-02 16:47:02,143 ] root - INFO - Applied SMOTEENN on testing dataset
[ 2026-05-02 16:47:02,143 ] root - INFO - Created train array and test array
[ 2026-05-02 16:47:02,143 ] root - INFO - Entered the save_object method of utils
[ 2026-05-02 16:47:02,172 ] root - INFO - Exited the save_object method of utils
[ 2026-05-02 16:47:02,179 ] root - INFO - Saved the preprocessor object
[ 2026-05-02 16:47:02,179 ] root - INFO - Exited initiate_data_transformation method of Data_Transformation class
