[ 2026-05-01 17:54:01,201 ] root - INFO - Entered the start_data_ingestion method of TrainPipeline class
[ 2026-05-01 17:54:01,202 ] root - INFO - Getting the data from mongodb
[ 2026-05-01 17:54:01,202 ] root - INFO - Entered initiate_data_ingestion method of Data_Ingestion class
[ 2026-05-01 17:54:01,202 ] root - INFO - Exporting data from mongodb
[ 2026-05-01 17:54:01,405 ] root - INFO - MongoDB connection succesfull
[ 2026-05-01 17:54:05,284 ] root - INFO - Shape of dataframe: (25480, 12)
[ 2026-05-01 17:54:05,286 ] root - INFO - Saving exported data into feature store file path: artifact\05_01_2026_17_54_00\data_ingestion\feature_store\usvisa.csv
[ 2026-05-01 17:54:05,418 ] root - INFO - Got the data from mongodb
[ 2026-05-01 17:54:05,418 ] root - INFO - Entered split_data_as_train_test method of Data_Ingestion class
[ 2026-05-01 17:54:05,429 ] root - INFO - Performed train test split on the dataframe
[ 2026-05-01 17:54:05,429 ] root - INFO - Exited split_data_as_train_test method of Data_Ingestion class
[ 2026-05-01 17:54:05,429 ] root - INFO - Exporting train and test file path.
[ 2026-05-01 17:54:05,638 ] root - INFO - Exported train and test file path.
[ 2026-05-01 17:54:05,642 ] root - INFO - Performed train test split on the dataset
[ 2026-05-01 17:54:05,642 ] root - INFO - Exited initiate_data_ingestion method of Data_Ingestion class
[ 2026-05-01 17:54:05,644 ] root - INFO - Data ingestion artifact: DataIngestionArtifact(trained_file_path='artifact\\05_01_2026_17_54_00\\data_ingestion\\ingested\\train.csv', test_file_path='artifact\\05_01_2026_17_54_00\\data_ingestion\\ingested\\test.csv')
[ 2026-05-01 17:54:05,660 ] root - INFO - Got the train_set and test_set from mongodb
[ 2026-05-01 17:54:05,660 ] root - INFO - Exited the start_data_ingestion method of TrainPipeline class
[ 2026-05-01 17:54:05,660 ] root - INFO - Entered the start_data_validation method of TrainPipeline class
[ 2026-05-01 17:54:05,679 ] root - INFO - Starting data validation
[ 2026-05-01 17:54:05,795 ] root - INFO - Is required column present: [True]
[ 2026-05-01 17:54:05,795 ] root - INFO - All required columns present in training dataframe: True
[ 2026-05-01 17:54:05,795 ] root - INFO - Is required column present: [True]
[ 2026-05-01 17:54:05,795 ] root - INFO - All required columns present in testing dataframe: True
[ 2026-05-01 17:55:03,459 ] root - INFO - 1/12 drift detected.
[ 2026-05-01 17:55:03,462 ] root - INFO - Data validation artifact: DataValidationArtifact(validation_status=True, message='Drift not detected', drift_report_file_path='artifact\\05_01_2026_17_54_00\\data_validation\\drift_report\\report.yaml')
[ 2026-05-01 17:55:03,463 ] root - INFO - Performed the data validation operation
[ 2026-05-01 17:55:03,463 ] root - INFO - Exited the start_data_validation method of TrainPipeline class
