[ 2026-05-05 16:58:31,925 ] root - INFO - Entered the start_data_ingestion method of TrainPipeline class
[ 2026-05-05 16:58:31,925 ] root - INFO - Getting the data from mongodb
[ 2026-05-05 16:58:31,925 ] root - INFO - Entered initiate_data_ingestion method of Data_Ingestion class
[ 2026-05-05 16:58:31,925 ] root - INFO - Exporting data from mongodb
[ 2026-05-05 16:58:32,175 ] root - INFO - MongoDB connection succesfull
[ 2026-05-05 16:58:37,261 ] root - INFO - Shape of dataframe: (25480, 12)
[ 2026-05-05 16:58:37,263 ] root - INFO - Saving exported data into feature store file path: artifact\05_05_2026_16_58_30\data_ingestion\feature_store\usvisa.csv
[ 2026-05-05 16:58:37,507 ] root - INFO - Got the data from mongodb
[ 2026-05-05 16:58:37,507 ] root - INFO - Entered split_data_as_train_test method of Data_Ingestion class
[ 2026-05-05 16:58:37,526 ] root - INFO - Performed train test split on the dataframe
[ 2026-05-05 16:58:37,526 ] root - INFO - Exited split_data_as_train_test method of Data_Ingestion class
[ 2026-05-05 16:58:37,527 ] root - INFO - Exporting train and test file path.
[ 2026-05-05 16:58:37,822 ] root - INFO - Exported train and test file path.
[ 2026-05-05 16:58:37,826 ] root - INFO - Performed train test split on the dataset
[ 2026-05-05 16:58:37,826 ] root - INFO - Exited initiate_data_ingestion method of Data_Ingestion class
[ 2026-05-05 16:58:37,826 ] root - INFO - Data ingestion artifact: DataIngestionArtifact(trained_file_path='artifact\\05_05_2026_16_58_30\\data_ingestion\\ingested\\train.csv', test_file_path='artifact\\05_05_2026_16_58_30\\data_ingestion\\ingested\\test.csv')
[ 2026-05-05 16:58:37,843 ] root - INFO - Got the train_set and test_set from mongodb
[ 2026-05-05 16:58:37,844 ] root - INFO - Exited the start_data_ingestion method of TrainPipeline class
[ 2026-05-05 16:58:37,844 ] root - INFO - Entered the start_data_validation method of TrainPipeline class
[ 2026-05-05 16:58:37,879 ] root - INFO - Starting data validation
[ 2026-05-05 16:58:38,010 ] root - INFO - Is required column present: [True]
[ 2026-05-05 16:58:38,011 ] root - INFO - All required columns present in training dataframe: True
[ 2026-05-05 16:58:38,011 ] root - INFO - Is required column present: [True]
[ 2026-05-05 16:58:38,011 ] root - INFO - All required columns present in testing dataframe: True
[ 2026-05-05 16:59:48,970 ] root - INFO - 1/12 drift detected.
[ 2026-05-05 16:59:48,975 ] root - INFO - Data validation artifact: DataValidationArtifact(validation_status=True, message='Drift not detected', drift_report_file_path='artifact\\05_05_2026_16_58_30\\data_validation\\drift_report\\report.yaml')
[ 2026-05-05 16:59:48,976 ] root - INFO - Performed the data validation operation
[ 2026-05-05 16:59:48,977 ] root - INFO - Exited the start_data_validation method of TrainPipeline class
[ 2026-05-05 16:59:48,985 ] root - INFO - Starting data transformation
[ 2026-05-05 16:59:48,985 ] root - INFO - Entered get_data_transformer_object method of DataTransformation class
[ 2026-05-05 16:59:48,985 ] root - INFO - Got numerical cols from schema config
[ 2026-05-05 16:59:48,985 ] root - INFO - Initialized StandardScaler, OneHotEncoder, OrdinalEncoder
[ 2026-05-05 16:59:48,985 ] root - INFO - Initialize PowerTransformer
[ 2026-05-05 16:59:48,985 ] root - INFO - Created preprocessor object from ColumnTransformer
[ 2026-05-05 16:59:48,985 ] root - INFO - Exited get_data_transformer_object method of DataTransformation class
[ 2026-05-05 16:59:48,985 ] root - INFO - Got the preprocessor object
[ 2026-05-05 16:59:49,042 ] root - INFO - Got train features and test features of Training dataset
[ 2026-05-05 16:59:49,043 ] root - INFO - Added company_age column to the Training dataset
[ 2026-05-05 16:59:49,043 ] root - INFO - drop the columns in drop_cols of Training dataset
[ 2026-05-05 16:59:49,043 ] root - INFO - Entered drop_columns methon of utils
[ 2026-05-05 16:59:49,058 ] root - INFO - Exited the drop_columns method of utils
[ 2026-05-05 16:59:49,069 ] root - INFO - Added company_age column to the Test dataset
[ 2026-05-05 16:59:49,069 ] root - INFO - Entered drop_columns methon of utils
[ 2026-05-05 16:59:49,071 ] root - INFO - Exited the drop_columns method of utils
[ 2026-05-05 16:59:49,071 ] root - INFO - drop the columns in drop_cols of Test dataset
[ 2026-05-05 16:59:49,073 ] root - INFO - Got train features and test features of Testing dataset
[ 2026-05-05 16:59:49,074 ] root - INFO - Applying preprocessing object on training dataframe and testing dataframe
[ 2026-05-05 16:59:49,173 ] root - INFO - Used the preprocessor object to fit transform the train features
[ 2026-05-05 16:59:49,193 ] root - INFO - Used the preprocessor object to transform the test features
[ 2026-05-05 16:59:49,193 ] root - INFO - Applying SMOTEENN on Training dataset
[ 2026-05-05 16:59:51,479 ] root - INFO - Applied SMOTEENN on training dataset
[ 2026-05-05 16:59:51,479 ] root - INFO - Applying SMOTEENN on testing dataset
[ 2026-05-05 16:59:51,629 ] root - INFO - Applied SMOTEENN on testing dataset
[ 2026-05-05 16:59:51,630 ] root - INFO - Created train array and test array
[ 2026-05-05 16:59:51,631 ] root - INFO - Entered the save_object method of utils
[ 2026-05-05 16:59:51,655 ] root - INFO - Exited the save_object method of utils
[ 2026-05-05 16:59:51,662 ] root - INFO - Saved the preprocessor object
[ 2026-05-05 16:59:51,662 ] root - INFO - Exited initiate_data_transformation method of Data_Transformation class
[ 2026-05-05 16:59:51,666 ] root - INFO - Entered initiate_model_trainer method of ModelTrainer class
[ 2026-05-05 16:59:51,700 ] root - INFO - Using neuro_mf to get best model object and report
[ 2026-05-05 16:59:51,721 ] neuro_mf - INFO - Started Initializing model from config file
[ 2026-05-05 16:59:51,721 ] neuro_mf - INFO - {'algorithm': 'kd_tree', 'weights': 'uniform', 'n_neighbors': 3}
[ 2026-05-05 16:59:51,721 ] neuro_mf - INFO - {'max_depth': 10, 'max_features': 'sqrt', 'n_estimators': 3}
[ 2026-05-05 16:59:51,725 ] neuro_mf - INFO - Initialized model: [InitializedModelDetail(model_serial_number='module_0', model=KNeighborsClassifier(algorithm='kd_tree', n_neighbors=3), param_grid_search={'algorithm': ['auto', 'ball_tree', 'kd_tree', 'brute'], 'weights': ['uniform', 'distance'], 'n_neighbors': [3, 5, 9]}, model_name='sklearn.neighbors.KNeighborsClassifier'), InitializedModelDetail(model_serial_number='module_1', model=RandomForestClassifier(max_depth=10, n_estimators=3), param_grid_search={'max_depth': [10, 15, 20], 'max_features': ['sqrt', 'log2'], 'n_estimators': [3, 5, 9]}, model_name='sklearn.ensemble.RandomForestClassifier')]
[ 2026-05-05 16:59:51,725 ] neuro_mf - INFO - ('**************************************************', 'training KNeighborsClassifier', '**************************************************')
[ 2026-05-05 16:59:51,725 ] neuro_mf - INFO - {'cv': 3, 'verbose': 3}
[ 2026-05-05 17:00:29,113 ] neuro_mf - INFO - ('**************************************************', 'training RandomForestClassifier', '**************************************************')
[ 2026-05-05 17:00:29,113 ] neuro_mf - INFO - {'cv': 3, 'verbose': 3}
[ 2026-05-05 17:00:36,892 ] neuro_mf - INFO - Acceptable model found:GridSearchedBestModel(model_serial_number='module_0', model=KNeighborsClassifier(algorithm='kd_tree', n_neighbors=3), best_model=KNeighborsClassifier(n_neighbors=3, weights='distance'), best_parameters={'algorithm': 'auto', 'n_neighbors': 3, 'weights': 'distance'}, best_score=0.9576672587329781)
[ 2026-05-05 17:00:36,894 ] neuro_mf - INFO - Best model: GridSearchedBestModel(model_serial_number='module_0', model=KNeighborsClassifier(algorithm='kd_tree', n_neighbors=3), best_model=KNeighborsClassifier(n_neighbors=3, weights='distance'), best_parameters={'algorithm': 'auto', 'n_neighbors': 3, 'weights': 'distance'}, best_score=0.9576672587329781)
[ 2026-05-05 17:00:36,994 ] root - INFO - Entered the load_object method of utils
[ 2026-05-05 17:00:36,994 ] root - INFO - Exited the load_object method of utils
[ 2026-05-05 17:00:36,994 ] root - INFO - Created usvisa model object with preprocessor and model
[ 2026-05-05 17:00:36,994 ] root - INFO - Created best model file path.
[ 2026-05-05 17:00:36,994 ] root - INFO - Entered the save_object method of utils
[ 2026-05-05 17:00:37,013 ] root - INFO - Exited the save_object method of utils
[ 2026-05-05 17:00:37,013 ] root - INFO - Model trainer artifact: ModelTrainerArtifact(trained_model_file_path='artifact\\05_05_2026_16_58_30\\model_trainer\\trained_model\\model.pkl', metric_artifact=ClassificationMetricArtifact(f1_score=0.8106727221118364, precision_score=0.8479809976247031, recall_score=0.7765089722675367))
[ 2026-05-05 17:00:37,751 ] root - INFO - Entered the get_bucket method of S3Operations class
[ 2026-05-05 17:00:37,752 ] root - INFO - Exited the get_bucket method of S3Operations class
[ 2026-05-05 17:00:38,910 ] root - INFO - Result: EvaluateModelResponse(trained_model_f1_score=0.8106727221118364, best_model_f1_score=None, is_model_accepted=True, difference=0.8106727221118364)
[ 2026-05-05 17:00:38,910 ] root - INFO - Model evaluation artifact: ModelEvaluationArtifact(is_model_accepted=True, changed_accuracy=0.8106727221118364, s3_model_path='model.pkl', trained_model_path='artifact\\05_05_2026_16_58_30\\model_trainer\\trained_model\\model.pkl')
[ 2026-05-05 17:00:38,910 ] root - INFO - Entered initiate_model_pusher method of ModelTrainer class
[ 2026-05-05 17:00:38,913 ] root - INFO - Uploading artifacts folder to s3 bucket
[ 2026-05-05 17:00:38,913 ] root - INFO - Entered the upload_file method of S3Operations class
[ 2026-05-05 17:00:38,913 ] root - INFO - Uploading artifact\05_05_2026_16_58_30\model_trainer\trained_model\model.pkl file to model.pkl file in usvisa-model20026 bucket
[ 2026-05-05 17:00:50,650 ] root - INFO - Uploaded artifact\05_05_2026_16_58_30\model_trainer\trained_model\model.pkl file to model.pkl file in usvisa-model20026 bucket
[ 2026-05-05 17:00:50,650 ] root - INFO - Remove is set to False, not deleted the file
[ 2026-05-05 17:00:50,650 ] root - INFO - Exited the upload_file method of S3Operations class
[ 2026-05-05 17:00:50,650 ] root - INFO - Uploaded artifacts folder to s3 bucket
[ 2026-05-05 17:00:50,650 ] root - INFO - Model pusher artifact: [ModelPusherArtifact(bucket_name='usvisa-model20026', s3_model_path='model.pkl')]
[ 2026-05-05 17:00:50,650 ] root - INFO - Exited initiate_model_pusher method of ModelTrainer class
